<?xml version="1.0" encoding="UTF-8"?>
<!-- Generated by org.testng.reporters.JUnitXMLReporter -->
<testsuite ignored="0" hostname="LAPTOP-ST6MI8SG" failures="0" tests="4" name="Test" time="137.614" errors="0" timestamp="2025-04-20T16:20:39 IST">
  <testcase classname="ShopStore.Scripts.Resgistration_Login" name="TC001_Registration" time="32.39"/>
  <testcase classname="ShopStore.Scripts.Resgistration_Login" name="TC002_LoginWithIncorrectCredentials" time="38.779"/>
  <testcase classname="ShopStore.Scripts.Resgistration_Login" name="TC003_VerifyTestCasesPage" time="5.774"/>
  <testcase classname="ShopStore.Scripts.Resgistration_Login" name="TC004_LogoutUser" time="52.472"/>
</testsuite> <!-- Test -->
