<?xml version="1.0" encoding="UTF-8"?>
<!-- Generated by org.testng.reporters.JUnitXMLReporter -->
<testsuite ignored="2" hostname="LAPTOP-ST6MI8SG" failures="0" tests="1" name="Test1" time="9.756" errors="0" timestamp="2025-03-06T14:11:27 IST">
  <testcase classname="LetShop.Scripts.Product_Order_Cancel" name="TC003_Validate_OrderId" time="8.392"/>
  <testcase classname="LetShop.Scripts.Product_Order_Cancel" name="TC001_Product_Order" time="0.0">
    <ignored/>
  </testcase> <!-- TC001_Product_Order -->
  <testcase classname="LetShop.Scripts.Product_Order_Cancel" name="TC002_Cancel_Order" time="0.0">
    <ignored/>
  </testcase> <!-- TC002_Cancel_Order -->
</testsuite> <!-- Test1 -->
