<?xml version="1.0" encoding="UTF-8"?>
<!-- Generated by org.testng.reporters.JUnitXMLReporter -->
<testsuite ignored="3" hostname="LAPTOP-ST6MI8SG" failures="0" tests="1" name="Test" time="58.716" errors="0" timestamp="2025-04-12T11:27:58 IST">
  <testcase classname="ShopStore.Scripts.Resgistration_Login" name="TC004_LogoutUser" time="53.589"/>
  <testcase classname="ShopStore.Scripts.Resgistration_Login" name="TC002_LoginWithIncorrectCredentials" time="0.0">
    <ignored/>
  </testcase> <!-- TC002_LoginWithIncorrectCredentials -->
  <testcase classname="ShopStore.Scripts.Resgistration_Login" name="TC003_VerifyTestCasesPage" time="0.0">
    <ignored/>
  </testcase> <!-- TC003_VerifyTestCasesPage -->
  <testcase classname="ShopStore.Scripts.Resgistration_Login" name="TC001_Registration" time="0.0">
    <ignored/>
  </testcase> <!-- TC001_Registration -->
</testsuite> <!-- Test -->
