<?xml version="1.0" encoding="UTF-8"?>
<!-- Generated by org.testng.reporters.JUnitXMLReporter -->
<testsuite ignored="2" hostname="LAPTOP-ST6MI8SG" failures="1" tests="1" name="Test1" time="0.002" errors="0" timestamp="2025-04-12T11:30:52 IST">
  <testcase classname="LetShop.Scripts.Product_Order_Cancel" name="TC003_Validate_OrderId" time="0.0">
    <failure type="java.lang.RuntimeException" message="com.fasterxml.jackson.databind.exc.MismatchedInputException: Cannot deserialize instance of `java.util.HashMap&amp;lt;java.lang.Object,java.lang.Object&amp;gt;` out of START_ARRAY token
 at [Source: (String)&amp;quot;[
{
 &amp;quot;email&amp;quot; : &amp;quot;agamveer.callen@dockstones.com&amp;quot;,
 &amp;quot;password&amp;quot; : &amp;quot;Hello@123&amp;quot;,
 &amp;quot;productName&amp;quot; : &amp;quot;ADIDAS ORIGINAL&amp;quot;,
 &amp;quot;CVVCode&amp;quot; : &amp;quot;123&amp;quot;,
 &amp;quot;nameOnCard&amp;quot; : &amp;quot;Virat&amp;quot;,
 &amp;quot;enterCountry&amp;quot; : &amp;quot;ind&amp;quot;,
 &amp;quot;selectCountry&amp;quot; : &amp;quot;India&amp;quot;
}
]
&amp;quot;; line: 1, column: 1]">
      <![CDATA[java.lang.RuntimeException: com.fasterxml.jackson.databind.exc.MismatchedInputException: Cannot deserialize instance of `java.util.HashMap<java.lang.Object,java.lang.Object>` out of START_ARRAY token
 at [Source: (String)"[
{
 "email" : "agamveer.callen@dockstones.com",
 "password" : "Hello@123",
 "productName" : "ADIDAS ORIGINAL",
 "CVVCode" : "123",
 "nameOnCard" : "Virat",
 "enterCountry" : "ind",
 "selectCountry" : "India"
}
]
"; line: 1, column: 1]
at java.base/java.util.ArrayList.forEach(ArrayList.java:1511)
Caused by: com.fasterxml.jackson.databind.exc.MismatchedInputException: Cannot deserialize instance of `java.util.HashMap<java.lang.Object,java.lang.Object>` out of START_ARRAY token
 at [Source: (String)"[
{
 "email" : "agamveer.callen@dockstones.com",
 "password" : "Hello@123",
 "productName" : "ADIDAS ORIGINAL",
 "CVVCode" : "123",
 "nameOnCard" : "Virat",
 "enterCountry" : "ind",
 "selectCountry" : "India"
}
]
"; line: 1, column: 1]
at com.fasterxml.jackson.databind.exc.MismatchedInputException.from(MismatchedInputException.java:59)
at com.fasterxml.jackson.databind.DeserializationContext.reportInputMismatch(DeserializationContext.java:1445)
at com.fasterxml.jackson.databind.DeserializationContext.handleUnexpectedToken(DeserializationContext.java:1219)
at com.fasterxml.jackson.databind.DeserializationContext.handleUnexpectedToken(DeserializationContext.java:1129)
at com.fasterxml.jackson.databind.deser.std.StdDeserializer._deserializeFromEmpty(StdDeserializer.java:639)
at com.fasterxml.jackson.databind.deser.std.MapDeserializer.deserialize(MapDeserializer.java:360)
at com.fasterxml.jackson.databind.deser.std.MapDeserializer.deserialize(MapDeserializer.java:29)
at com.fasterxml.jackson.databind.ObjectMapper._readMapAndClose(ObjectMapper.java:4218)
at com.fasterxml.jackson.databind.ObjectMapper.readValue(ObjectMapper.java:3214)
at com.fasterxml.jackson.databind.ObjectMapper.readValue(ObjectMapper.java:3197)
at BaseClass.BaseTest.getJsonDataToMap(BaseTest.java:75)
at LetShop.Scripts.Product_Order_Cancel.getData(Product_Order_Cancel.java:127)
... 29 more
... Removed 36 stack frames]]>
    </failure>
  </testcase> <!-- TC003_Validate_OrderId -->
  <testcase classname="LetShop.Scripts.Product_Order_Cancel" name="TC001_Product_Order" time="0.0">
    <ignored/>
  </testcase> <!-- TC001_Product_Order -->
  <testcase classname="LetShop.Scripts.Product_Order_Cancel" name="TC002_Cancel_Order" time="0.0">
    <ignored/>
  </testcase> <!-- TC002_Cancel_Order -->
</testsuite> <!-- Test1 -->
