<?xml version="1.0" encoding="UTF-8"?>
<!-- Generated by org.testng.reporters.JUnitXMLReporter -->
<testsuite ignored="0" hostname="LAPTOP-ST6MI8SG" failures="0" tests="4" name="Test" time="154.925" errors="0" timestamp="2025-04-12T13:20:29 IST">
  <testcase classname="ShopStore.Scripts.Resgistration_Login" name="TC001_Registration" time="49.319"/>
  <testcase classname="ShopStore.Scripts.Resgistration_Login" name="TC002_LoginWithIncorrectCredentials" time="39.089"/>
  <testcase classname="ShopStore.Scripts.Resgistration_Login" name="TC003_VerifyTestCasesPage" time="7.37"/>
  <testcase classname="ShopStore.Scripts.Resgistration_Login" name="TC004_LogoutUser" time="50.926"/>
</testsuite> <!-- Test -->
