<?xml version="1.0" encoding="UTF-8"?>
<testng-results ignored="3" total="4" passed="1" failed="0" skipped="0">
  <reporter-output>
  </reporter-output>
  <suite started-at="2025-04-12T11:26:59 IST" name="Suite" finished-at="2025-04-12T11:27:58 IST" duration-ms="58716">
    <groups>
    </groups>
    <test started-at="2025-04-12T11:26:59 IST" name="Test" finished-at="2025-04-12T11:27:58 IST" duration-ms="58716">
      <class name="ShopStore.Scripts.Resgistration_Login">
        <test-method is-config="true" signature="launchDriver()[pri:0, instance:ShopStore.Scripts.Resgistration_Login@36916eb0]" started-at="2025-04-12T11:26:59 IST" name="launchDriver" finished-at="2025-04-12T11:27:04 IST" duration-ms="4554" status="PASS">
          <reporter-output>
          </reporter-output>
        </test-method> <!-- launchDriver -->
        <test-method signature="TC004_LogoutUser(java.util.HashMap)[pri:0, instance:ShopStore.Scripts.Resgistration_Login@36916eb0]" started-at="2025-04-12T11:27:04 IST" name="TC004_LogoutUser" data-provider="getData" finished-at="2025-04-12T11:27:58 IST" duration-ms="53589" status="PASS">
          <params>
            <param index="0">
              <value>
                <![CDATA[{password=Hello@123, email=test@123mail.com}]]>
              </value>
            </param>
          </params>
          <reporter-output>
          </reporter-output>
        </test-method> <!-- TC004_LogoutUser -->
        <test-method is-config="true" signature="quitDriver()[pri:0, instance:ShopStore.Scripts.Resgistration_Login@36916eb0]" started-at="2025-04-12T11:27:58 IST" name="quitDriver" finished-at="2025-04-12T11:27:58 IST" duration-ms="300" status="PASS">
          <reporter-output>
          </reporter-output>
        </test-method> <!-- quitDriver -->
      </class> <!-- ShopStore.Scripts.Resgistration_Login -->
    </test> <!-- Test -->
  </suite> <!-- Suite -->
</testng-results>
