<?xml version="1.0" encoding="UTF-8"?>
<!-- Generated by org.testng.reporters.JUnitReportReporter -->
<testsuite hostname="LAPTOP-ST6MI8SG" failures="0" tests="4" name="ShopStore.Scripts.Resgistration_Login" time="137.385" errors="0" timestamp="2025-04-20T16:20:39 IST" skipped="0">
  <testcase classname="ShopStore.Scripts.Resgistration_Login" name="TC004_LogoutUser" time="54.212"/>
  <system-out/>
  <testcase classname="ShopStore.Scripts.Resgistration_Login" name="TC002_LoginWithIncorrectCredentials" time="40.480"/>
  <system-out/>
  <testcase classname="ShopStore.Scripts.Resgistration_Login" name="TC003_VerifyTestCasesPage" time="7.208"/>
  <system-out/>
  <testcase classname="ShopStore.Scripts.Resgistration_Login" name="TC001_Registration" time="35.485"/>
  <system-out/>
</testsuite> <!-- ShopStore.Scripts.Resgistration_Login -->
