<?xml version="1.0" encoding="UTF-8"?>
<!-- Generated by org.testng.reporters.JUnitReportReporter -->
<testsuite hostname="LAPTOP-ST6MI8SG" failures="0" tests="4" name="ShopStore.Scripts.Resgistration_Login" time="135.352" errors="0" timestamp="2025-05-24T12:31:18 IST" skipped="0">
  <testcase classname="ShopStore.Scripts.Resgistration_Login" name="TC003_VerifyTestCasesPage" time="7.232"/>
  <system-out/>
  <testcase classname="ShopStore.Scripts.Resgistration_Login" name="TC004_LogoutUser" time="53.753"/>
  <system-out/>
  <testcase classname="ShopStore.Scripts.Resgistration_Login" name="TC001_Registration" time="35.784"/>
  <system-out/>
  <testcase classname="ShopStore.Scripts.Resgistration_Login" name="TC002_LoginWithIncorrectCredentials" time="38.583"/>
  <system-out/>
</testsuite> <!-- ShopStore.Scripts.Resgistration_Login -->
