<?xml version="1.0" encoding="UTF-8"?>
<!-- Generated by org.testng.reporters.JUnitReportReporter -->
<testsuite hostname="LAPTOP-ST6MI8SG" failures="0" tests="3" name="LetShop.Scripts.Product_Order_Cancel" time="29.956" errors="0" timestamp="2025-03-06T14:11:27 IST" skipped="0">
  <testcase classname="LetShop.Scripts.Product_Order_Cancel" name="TC003_Validate_OrderId" time="9.752"/>
  <system-out/>
  <testcase classname="LetShop.Scripts.Product_Order_Cancel" name="TC002_Cancel_Order" time="4.762"/>
  <system-out/>
  <testcase classname="LetShop.Scripts.Product_Order_Cancel" name="TC001_Product_Order" time="15.442"/>
  <system-out/>
</testsuite> <!-- LetShop.Scripts.Product_Order_Cancel -->
