<?xml version="1.0" encoding="UTF-8"?>
<!-- Generated by org.testng.reporters.JUnitReportReporter -->
<testsuite hostname="LAPTOP-ST6MI8SG" failures="0" tests="4" name="ShopStore.Scripts.Resgistration_Login" time="154.583" errors="0" timestamp="2025-04-12T13:20:30 IST" skipped="0">
  <testcase classname="ShopStore.Scripts.Resgistration_Login" name="TC001_Registration" time="53.216"/>
  <testcase classname="ShopStore.Scripts.Resgistration_Login" name="TC003_VerifyTestCasesPage" time="8.825"/>
  <testcase classname="ShopStore.Scripts.Resgistration_Login" name="TC004_LogoutUser" time="52.243"/>
  <testcase classname="ShopStore.Scripts.Resgistration_Login" name="TC002_LoginWithIncorrectCredentials" time="40.299"/>
</testsuite> <!-- ShopStore.Scripts.Resgistration_Login -->
